<?xml version="1.0" encoding="UTF-8"?>
<!-- Generated by org.testng.reporters.JUnitXMLReporter -->
<testsuite hostname="DESKTOP-4F0V1JH" ignored="0" name="Test" tests="4" failures="0" timestamp="2022-03-10T21:15:08 COT" time="0.047" errors="0">
  <testcase name="AppiumTest1" time="0.006" classname="qaclickacademy.AppiumTest"/>
  <testcase name="AppiumTest2" time="0.001" classname="qaclickacademy.AppiumTest"/>
  <testcase name="SeleniumTest1" time="0.0" classname="qaclickacademy.SeleniumTest"/>
  <testcase name="SeleniumTest2" time="0.001" classname="qaclickacademy.SeleniumTest"/>
</testsuite> <!-- Test -->
