<?xml version="1.0" encoding="UTF-8"?>
<!-- Generated by org.testng.reporters.JUnitXMLReporter -->
<testsuite ignored="0" hostname="DESKTOP-4F0V1JH" failures="0" tests="4" name="Test" time="0.046" errors="0" timestamp="2022-02-21T11:09:27 COT">
  <testcase classname="qaclickacademy.AppiumTest" name="AppiumTest1" time="0.007"/>
  <testcase classname="qaclickacademy.AppiumTest" name="AppiumTest2" time="0.001"/>
  <testcase classname="qaclickacademy.SeleniumTest" name="SeleniumTest1" time="0.0"/>
  <testcase classname="qaclickacademy.SeleniumTest" name="SeleniumTest2" time="0.0"/>
</testsuite> <!-- Test -->
