<?xml version="1.0" encoding="UTF-8"?>
<testng-results skipped="0" failed="0" ignored="0" total="4" passed="4">
  <reporter-output>
  </reporter-output>
  <suite name="Suite" duration-ms="47" started-at="2022-03-10T21:15:08 COT" finished-at="2022-03-10T21:15:08 COT">
    <groups>
    </groups>
    <test name="Test" duration-ms="47" started-at="2022-03-10T21:15:08 COT" finished-at="2022-03-10T21:15:08 COT">
      <class name="qaclickacademy.AppiumTest">
        <test-method status="PASS" signature="AppiumTest1()[pri:0, instance:qaclickacademy.AppiumTest@6043cd28]" name="AppiumTest1" duration-ms="6" started-at="2022-03-10T21:15:08 COT" finished-at="2022-03-10T21:15:08 COT">
          <reporter-output>
          </reporter-output>
        </test-method> <!-- AppiumTest1 -->
        <test-method status="PASS" signature="AppiumTest2()[pri:0, instance:qaclickacademy.AppiumTest@6043cd28]" name="AppiumTest2" duration-ms="1" started-at="2022-03-10T21:15:08 COT" finished-at="2022-03-10T21:15:08 COT">
          <reporter-output>
          </reporter-output>
        </test-method> <!-- AppiumTest2 -->
      </class> <!-- qaclickacademy.AppiumTest -->
      <class name="qaclickacademy.SeleniumTest">
        <test-method status="PASS" signature="SeleniumTest1()[pri:0, instance:qaclickacademy.SeleniumTest@12f41634]" name="SeleniumTest1" duration-ms="0" started-at="2022-03-10T21:15:08 COT" finished-at="2022-03-10T21:15:08 COT">
          <reporter-output>
          </reporter-output>
        </test-method> <!-- SeleniumTest1 -->
        <test-method status="PASS" signature="SeleniumTest2()[pri:0, instance:qaclickacademy.SeleniumTest@12f41634]" name="SeleniumTest2" duration-ms="1" started-at="2022-03-10T21:15:08 COT" finished-at="2022-03-10T21:15:08 COT">
          <reporter-output>
          </reporter-output>
        </test-method> <!-- SeleniumTest2 -->
      </class> <!-- qaclickacademy.SeleniumTest -->
    </test> <!-- Test -->
  </suite> <!-- Suite -->
</testng-results>
